Turbo Assembler	 Version 3.2	    03/05/19 20:38:13	    Page 1
PRACT1A.ASM



      1				     ;**************************************************************************
      2				     ; SBM 2019. ESTRUCTURA BÁSICA DE UN PROGRAMA EN ENSAMBLADOR
      3				     ;**************************************************************************
      4
      5				     ; DEFINICION DEL SEGMENTO DE DATOS
      6
      7	0000			     DATOS SEGMENT
      8
      9	0000  6000			     DATOS_1 DW	     6000H
     10
     11	0002			     DATOS ENDS
     12				     ;**************************************************************************
     13
     14
     15				     ; DEFINICION DEL SEGMENTO DE PILA
     16
     17	0000			     PILA SEGMENT STACK	"STACK"
     18
     19	0000  40*(00)			     DB	40H DUP	(0) ;ejemplo de	inicialización, 64 bytes inicializados	a 0
     20
     21	0040			     PILA ENDS
     22				     ;**************************************************************************
     23
     24				     ; DEFINICION DEL SEGMENTO EXTRA
     25
     26	0000			     EXTRA SEGMENT
     27
     28	0000  0000 0000			     RESULT DW 0,0 ;ejemplo de inicialización.	2 PALABRAS (4 BYTES)
     29
     30	0004			     EXTRA ENDS
     31				     ;**************************************************************************
     32
     33				     ; DEFINICION DEL SEGMENTO DE CODIGO
     34
     35	0000			     CODE SEGMENT
     36
     37				     ASSUME CS:	CODE, DS: DATOS, ES: EXTRA, SS:	PILA
     38
     39				     ; COMIENZO	DEL PROCEDIMIENTO PRINCIPAL
     40
     41	0000			     INICIO PROC
     42
     43					     ; INICIALIZA LOS REGISTROS	DE SEGMENTO CON	SU VALOR
     44	0000  B8 0000s			     MOV AX, DATOS
     45	0003  8E D8			     MOV DS, AX
     46	0005  B8 0000s			     MOV AX, PILA
     47	0008  8E D0			     MOV SS, AX
     48	000A  B8 0000s			     MOV AX, EXTRA
     49	000D  8E C0			     MOV ES, AX
     50	000F  BC 0040			     MOV SP, 64	; CARGA	EL PUNTERO DE PILA CON EL VALOR	MAS ALTO
     51					     ; FIN DE LAS INICIALIZACIONES
     52
     53
     54					     ;COMIENZO DEL PROGRAMA
     55	0012  B8 0015			     MOV AX, 15H
     56	0015  BB 00BB			     MOV BX, 0BBH
     57	0018  B9 3412			     MOV CX, 3412H
Turbo Assembler	 Version 3.2	    03/05/19 20:38:13	    Page 2
PRACT1A.ASM



     58	001B  8B D1			     MOV DX, CX
     59					     ;MOV BH, [5536H]
     60					     ;MOV BL, [5537H]
     61	001D  A1 5536			     MOV AX, DS:[5536H]
     62	0020  8A DC			     MOV BL, AH
     63	0022  8A F8			     MOV BH, AL
     64	0024  B8 5000			     MOV AX, 5000H
     65	0027  8E D8			     MOV DS, AX
     66	0029  88 2E 0005		     MOV DS:[0005H], CH
     67	002D  8B 04			     MOV AX, [SI]
     68	002F  3E: 8B 5E	0A		     MOV BX, DS:[BP+10]
     69
     70				     ; FIN DEL PROGRAMA
     71
     72	0033  B8 4C00		     MOV AX, 4C00H
     73	0036  CD 21		     INT 21H
     74	0038			     INICIO ENDP
     75
     76				     ; FIN DEL SEGMENTO	DE CODIGO
     77
     78	0038			     CODE ENDS
     79
     80				     ; FIN DEL PROGRAMA	INDICANDO DONDE	COMIENZA LA EJECUCION
     81
     82				     END INICIO
Turbo Assembler	 Version 3.2	    03/05/19 20:38:13	    Page 3
Symbol Table




Symbol Name			  Type	 Value

??DATE				  Text	 "03/05/19"
??FILENAME			  Text	 "PRACT1A "
??TIME				  Text	 "20:38:13"
??VERSION			  Number 0314
@CPU				  Text	 0101H
@CURSEG				  Text	 CODE
@FILENAME			  Text	 PRACT1A
@WORDSIZE			  Text	 2
DATOS_1				  Word	 DATOS:0000
INICIO				  Near	 CODE:0000
RESULT				  Word	 EXTRA:0000

Groups & Segments		  Bit Size Align  Combine Class

CODE				  16  0038 Para	  none
DATOS				  16  0002 Para	  none
EXTRA				  16  0004 Para	  none
PILA				  16  0040 Para	  Stack	  STACK
